<?xml version="1.0" encoding="UTF-8"?>
<testsuite xmlns:xsi="http://www.w3.org/2001/XMLSchema-instance" xsi:noNamespaceSchemaLocation="https://maven.apache.org/surefire/maven-surefire-plugin/xsd/surefire-test-report-3.0.xsd" version="3.0" name="automation.ExamplesTest" time="2.009" tests="2" errors="0" skipped="0" failures="1">
  <properties>
    <property name="java.specification.version" value="17"/>
    <property name="sun.jnu.encoding" value="UTF-8"/>
    <property name="java.class.path" value="/Users/itumelengmothibi/IdeaProjects/testautomation/target/test-classes:/Users/itumelengmothibi/IdeaProjects/testautomation/target/classes:/Users/itumelengmothibi/.m2/repository/com/intuit/karate/karate-junit5/1.4.1/karate-junit5-1.4.1.jar:/Users/itumelengmothibi/.m2/repository/com/intuit/karate/karate-core/1.4.1/karate-core-1.4.1.jar:/Users/itumelengmothibi/.m2/repository/org/graalvm/js/js-scriptengine/22.3.3/js-scriptengine-22.3.3.jar:/Users/itumelengmothibi/.m2/repository/org/graalvm/sdk/graal-sdk/22.3.3/graal-sdk-22.3.3.jar:/Users/itumelengmothibi/.m2/repository/org/graalvm/js/js/22.3.3/js-22.3.3.jar:/Users/itumelengmothibi/.m2/repository/org/graalvm/regex/regex/22.3.3/regex-22.3.3.jar:/Users/itumelengmothibi/.m2/repository/org/graalvm/truffle/truffle-api/22.3.3/truffle-api-22.3.3.jar:/Users/itumelengmothibi/.m2/repository/com/ibm/icu/icu4j/71.1/icu4j-71.1.jar:/Users/itumelengmothibi/.m2/repository/org/thymeleaf/thymeleaf/3.1.2.RELEASE/thymeleaf-3.1.2.RELEASE.jar:/Users/itumelengmothibi/.m2/repository/ognl/ognl/3.3.4/ognl-3.3.4.jar:/Users/itumelengmothibi/.m2/repository/org/javassist/javassist/3.29.0-GA/javassist-3.29.0-GA.jar:/Users/itumelengmothibi/.m2/repository/org/attoparser/attoparser/2.0.7.RELEASE/attoparser-2.0.7.RELEASE.jar:/Users/itumelengmothibi/.m2/repository/org/unbescape/unbescape/1.1.6.RELEASE/unbescape-1.1.6.RELEASE.jar:/Users/itumelengmothibi/.m2/repository/com/linecorp/armeria/armeria/1.25.2/armeria-1.25.2.jar:/Users/itumelengmothibi/.m2/repository/com/fasterxml/jackson/datatype/jackson-datatype-jdk8/2.15.2/jackson-datatype-jdk8-2.15.2.jar:/Users/itumelengmothibi/.m2/repository/io/micrometer/micrometer-core/1.11.3/micrometer-core-1.11.3.jar:/Users/itumelengmothibi/.m2/repository/io/micrometer/micrometer-commons/1.11.3/micrometer-commons-1.11.3.jar:/Users/itumelengmothibi/.m2/repository/io/micrometer/micrometer-observation/1.11.3/micrometer-observation-1.11.3.jar:/Users/itumelengmothibi/.m2/repository/org/hdrhistogram/HdrHistogram/2.1.12/HdrHistogram-2.1.12.jar:/Users/itumelengmothibi/.m2/repository/org/latencyutils/LatencyUtils/2.0.3/LatencyUtils-2.0.3.jar:/Users/itumelengmothibi/.m2/repository/io/netty/netty-transport/4.1.96.Final/netty-transport-4.1.96.Final.jar:/Users/itumelengmothibi/.m2/repository/io/netty/netty-common/4.1.96.Final/netty-common-4.1.96.Final.jar:/Users/itumelengmothibi/.m2/repository/io/netty/netty-buffer/4.1.96.Final/netty-buffer-4.1.96.Final.jar:/Users/itumelengmothibi/.m2/repository/io/netty/netty-resolver/4.1.96.Final/netty-resolver-4.1.96.Final.jar:/Users/itumelengmothibi/.m2/repository/io/netty/netty-codec-haproxy/4.1.96.Final/netty-codec-haproxy-4.1.96.Final.jar:/Users/itumelengmothibi/.m2/repository/io/netty/netty-codec/4.1.96.Final/netty-codec-4.1.96.Final.jar:/Users/itumelengmothibi/.m2/repository/io/netty/netty-codec-http2/4.1.96.Final/netty-codec-http2-4.1.96.Final.jar:/Users/itumelengmothibi/.m2/repository/io/netty/netty-handler/4.1.96.Final/netty-handler-4.1.96.Final.jar:/Users/itumelengmothibi/.m2/repository/io/netty/netty-codec-http/4.1.96.Final/netty-codec-http-4.1.96.Final.jar:/Users/itumelengmothibi/.m2/repository/io/netty/netty-resolver-dns/4.1.96.Final/netty-resolver-dns-4.1.96.Final.jar:/Users/itumelengmothibi/.m2/repository/io/netty/netty-codec-dns/4.1.96.Final/netty-codec-dns-4.1.96.Final.jar:/Users/itumelengmothibi/.m2/repository/org/reactivestreams/reactive-streams/1.0.4/reactive-streams-1.0.4.jar:/Users/itumelengmothibi/.m2/repository/io/netty/netty-handler-proxy/4.1.96.Final/netty-handler-proxy-4.1.96.Final.jar:/Users/itumelengmothibi/.m2/repository/io/netty/netty-codec-socks/4.1.96.Final/netty-codec-socks-4.1.96.Final.jar:/Users/itumelengmothibi/.m2/repository/io/netty/netty-transport-native-unix-common/4.1.96.Final/netty-transport-native-unix-common-4.1.96.Final-linux-x86_64.jar:/Users/itumelengmothibi/.m2/repository/io/netty/netty-transport-native-epoll/4.1.96.Final/netty-transport-native-epoll-4.1.96.Final-linux-x86_64.jar:/Users/itumelengmothibi/.m2/repository/io/netty/netty-transport-native-unix-common/4.1.96.Final/netty-transport-native-unix-common-4.1.96.Final.jar:/Users/itumelengmothibi/.m2/repository/io/netty/netty-transport-classes-epoll/4.1.96.Final/netty-transport-classes-epoll-4.1.96.Final.jar:/Users/itumelengmothibi/.m2/repository/io/netty/netty-transport-native-unix-common/4.1.96.Final/netty-transport-native-unix-common-4.1.96.Final-linux-aarch_64.jar:/Users/itumelengmothibi/.m2/repository/io/netty/netty-transport-native-epoll/4.1.96.Final/netty-transport-native-epoll-4.1.96.Final-linux-aarch_64.jar:/Users/itumelengmothibi/.m2/repository/io/netty/netty-transport-native-unix-common/4.1.96.Final/netty-transport-native-unix-common-4.1.96.Final-osx-x86_64.jar:/Users/itumelengmothibi/.m2/repository/io/netty/netty-transport-native-kqueue/4.1.96.Final/netty-transport-native-kqueue-4.1.96.Final-osx-x86_64.jar:/Users/itumelengmothibi/.m2/repository/io/netty/netty-transport-classes-kqueue/4.1.96.Final/netty-transport-classes-kqueue-4.1.96.Final.jar:/Users/itumelengmothibi/.m2/repository/io/netty/netty-resolver-dns-native-macos/4.1.96.Final/netty-resolver-dns-native-macos-4.1.96.Final-osx-x86_64.jar:/Users/itumelengmothibi/.m2/repository/io/netty/netty-resolver-dns-classes-macos/4.1.96.Final/netty-resolver-dns-classes-macos-4.1.96.Final.jar:/Users/itumelengmothibi/.m2/repository/io/netty/netty-transport-native-unix-common/4.1.96.Final/netty-transport-native-unix-common-4.1.96.Final-osx-aarch_64.jar:/Users/itumelengmothibi/.m2/repository/io/netty/netty-transport-native-kqueue/4.1.96.Final/netty-transport-native-kqueue-4.1.96.Final-osx-aarch_64.jar:/Users/itumelengmothibi/.m2/repository/io/netty/netty-resolver-dns-native-macos/4.1.96.Final/netty-resolver-dns-native-macos-4.1.96.Final-osx-aarch_64.jar:/Users/itumelengmothibi/.m2/repository/io/netty/netty-tcnative-boringssl-static/2.0.61.Final/netty-tcnative-boringssl-static-2.0.61.Final-linux-x86_64.jar:/Users/itumelengmothibi/.m2/repository/io/netty/netty-tcnative-classes/2.0.61.Final/netty-tcnative-classes-2.0.61.Final.jar:/Users/itumelengmothibi/.m2/repository/io/netty/netty-tcnative-boringssl-static/2.0.61.Final/netty-tcnative-boringssl-static-2.0.61.Final-linux-aarch_64.jar:/Users/itumelengmothibi/.m2/repository/io/netty/netty-tcnative-boringssl-static/2.0.61.Final/netty-tcnative-boringssl-static-2.0.61.Final-osx-x86_64.jar:/Users/itumelengmothibi/.m2/repository/io/netty/netty-tcnative-boringssl-static/2.0.61.Final/netty-tcnative-boringssl-static-2.0.61.Final-osx-aarch_64.jar:/Users/itumelengmothibi/.m2/repository/io/netty/netty-tcnative-boringssl-static/2.0.61.Final/netty-tcnative-boringssl-static-2.0.61.Final-windows-x86_64.jar:/Users/itumelengmothibi/.m2/repository/com/aayushatharva/brotli4j/brotli4j/1.12.0/brotli4j-1.12.0.jar:/Users/itumelengmothibi/.m2/repository/com/aayushatharva/brotli4j/service/1.12.0/service-1.12.0.jar:/Users/itumelengmothibi/.m2/repository/com/aayushatharva/brotli4j/native-osx-aarch64/1.12.0/native-osx-aarch64-1.12.0.jar:/Users/itumelengmothibi/.m2/repository/org/antlr/antlr4-runtime/4.11.1/antlr4-runtime-4.11.1.jar:/Users/itumelengmothibi/.m2/repository/com/jayway/jsonpath/json-path/2.8.0/json-path-2.8.0.jar:/Users/itumelengmothibi/.m2/repository/net/minidev/json-smart/2.4.10/json-smart-2.4.10.jar:/Users/itumelengmothibi/.m2/repository/net/minidev/accessors-smart/2.4.9/accessors-smart-2.4.9.jar:/Users/itumelengmothibi/.m2/repository/org/yaml/snakeyaml/2.0/snakeyaml-2.0.jar:/Users/itumelengmothibi/.m2/repository/de/siegmar/fastcsv/2.2.1/fastcsv-2.2.1.jar:/Users/itumelengmothibi/.m2/repository/info/picocli/picocli/4.7.1/picocli-4.7.1.jar:/Users/itumelengmothibi/.m2/repository/io/github/classgraph/classgraph/4.8.160/classgraph-4.8.160.jar:/Users/itumelengmothibi/.m2/repository/io/github/t12y/resemble/1.0.2/resemble-1.0.2.jar:/Users/itumelengmothibi/.m2/repository/io/github/t12y/ssim/1.0.0/ssim-1.0.0.jar:/Users/itumelengmothibi/.m2/repository/org/junit/jupiter/junit-jupiter-api/5.9.3/junit-jupiter-api-5.9.3.jar:/Users/itumelengmothibi/.m2/repository/org/opentest4j/opentest4j/1.2.0/opentest4j-1.2.0.jar:/Users/itumelengmothibi/.m2/repository/org/junit/platform/junit-platform-commons/1.9.3/junit-platform-commons-1.9.3.jar:/Users/itumelengmothibi/.m2/repository/org/junit/jupiter/junit-jupiter-engine/5.9.3/junit-jupiter-engine-5.9.3.jar:/Users/itumelengmothibi/.m2/repository/org/junit/platform/junit-platform-engine/1.9.3/junit-platform-engine-1.9.3.jar:/Users/itumelengmothibi/.m2/repository/org/apache/maven/plugins/maven-surefire-plugin/3.2.5/maven-surefire-plugin-3.2.5.jar:/Users/itumelengmothibi/.m2/repository/org/apache/maven/surefire/maven-surefire-common/3.2.5/maven-surefire-common-3.2.5.jar:/Users/itumelengmothibi/.m2/repository/org/apache/maven/surefire/surefire-api/3.2.5/surefire-api-3.2.5.jar:/Users/itumelengmothibi/.m2/repository/org/apache/maven/surefire/surefire-logger-api/3.2.5/surefire-logger-api-3.2.5.jar:/Users/itumelengmothibi/.m2/repository/org/apache/maven/surefire/surefire-extensions-api/3.2.5/surefire-extensions-api-3.2.5.jar:/Users/itumelengmothibi/.m2/repository/org/apache/maven/surefire/surefire-booter/3.2.5/surefire-booter-3.2.5.jar:/Users/itumelengmothibi/.m2/repository/org/apache/maven/surefire/surefire-extensions-spi/3.2.5/surefire-extensions-spi-3.2.5.jar:/Users/itumelengmothibi/.m2/repository/org/eclipse/aether/aether-util/1.0.0.v20140518/aether-util-1.0.0.v20140518.jar:/Users/itumelengmothibi/.m2/repository/org/eclipse/aether/aether-api/1.0.0.v20140518/aether-api-1.0.0.v20140518.jar:/Users/itumelengmothibi/.m2/repository/org/apache/maven/shared/maven-common-artifact-filters/3.1.1/maven-common-artifact-filters-3.1.1.jar:/Users/itumelengmothibi/.m2/repository/org/apache/maven/maven-artifact/3.1.0/maven-artifact-3.1.0.jar:/Users/itumelengmothibi/.m2/repository/org/apache/maven/maven-core/3.1.0/maven-core-3.1.0.jar:/Users/itumelengmothibi/.m2/repository/org/apache/maven/maven-settings/3.1.0/maven-settings-3.1.0.jar:/Users/itumelengmothibi/.m2/repository/org/apache/maven/maven-settings-builder/3.1.0/maven-settings-builder-3.1.0.jar:/Users/itumelengmothibi/.m2/repository/org/apache/maven/maven-repository-metadata/3.1.0/maven-repository-metadata-3.1.0.jar:/Users/itumelengmothibi/.m2/repository/org/apache/maven/maven-model-builder/3.1.0/maven-model-builder-3.1.0.jar:/Users/itumelengmothibi/.m2/repository/org/apache/maven/maven-aether-provider/3.1.0/maven-aether-provider-3.1.0.jar:/Users/itumelengmothibi/.m2/repository/org/eclipse/aether/aether-spi/0.9.0.M2/aether-spi-0.9.0.M2.jar:/Users/itumelengmothibi/.m2/repository/org/eclipse/aether/aether-impl/0.9.0.M2/aether-impl-0.9.0.M2.jar:/Users/itumelengmothibi/.m2/repository/org/eclipse/sisu/org.eclipse.sisu.plexus/0.0.0.M2a/org.eclipse.sisu.plexus-0.0.0.M2a.jar:/Users/itumelengmothibi/.m2/repository/javax/enterprise/cdi-api/1.0/cdi-api-1.0.jar:/Users/itumelengmothibi/.m2/repository/javax/annotation/jsr250-api/1.0/jsr250-api-1.0.jar:/Users/itumelengmothibi/.m2/repository/javax/inject/javax.inject/1/javax.inject-1.jar:/Users/itumelengmothibi/.m2/repository/org/sonatype/sisu/sisu-guice/3.1.0/sisu-guice-3.1.0-no_aop.jar:/Users/itumelengmothibi/.m2/repository/aopalliance/aopalliance/1.0/aopalliance-1.0.jar:/Users/itumelengmothibi/.m2/repository/org/eclipse/sisu/org.eclipse.sisu.inject/0.0.0.M2a/org.eclipse.sisu.inject-0.0.0.M2a.jar:/Users/itumelengmothibi/.m2/repository/asm/asm/3.3.1/asm-3.3.1.jar:/Users/itumelengmothibi/.m2/repository/org/codehaus/plexus/plexus-interpolation/1.16/plexus-interpolation-1.16.jar:/Users/itumelengmothibi/.m2/repository/org/codehaus/plexus/plexus-classworlds/2.4.2/plexus-classworlds-2.4.2.jar:/Users/itumelengmothibi/.m2/repository/org/codehaus/plexus/plexus-component-annotations/1.5.5/plexus-component-annotations-1.5.5.jar:/Users/itumelengmothibi/.m2/repository/org/sonatype/plexus/plexus-sec-dispatcher/1.3/plexus-sec-dispatcher-1.3.jar:/Users/itumelengmothibi/.m2/repository/org/sonatype/plexus/plexus-cipher/1.4/plexus-cipher-1.4.jar:/Users/itumelengmothibi/.m2/repository/org/apache/maven/maven-plugin-api/3.1.0/maven-plugin-api-3.1.0.jar:/Users/itumelengmothibi/.m2/repository/org/codehaus/plexus/plexus-java/1.2.0/plexus-java-1.2.0.jar:/Users/itumelengmothibi/.m2/repository/org/ow2/asm/asm/9.6/asm-9.6.jar:/Users/itumelengmothibi/.m2/repository/com/thoughtworks/qdox/qdox/2.0.3/qdox-2.0.3.jar:/Users/itumelengmothibi/.m2/repository/org/apache/maven/surefire/surefire-shared-utils/3.2.5/surefire-shared-utils-3.2.5.jar:/Users/itumelengmothibi/.m2/repository/org/scala-lang/scala-library/2.13.10/scala-library-2.13.10.jar:/Users/itumelengmothibi/.m2/repository/net/masterthought/cucumber-reporting/5.8.0/cucumber-reporting-5.8.0.jar:/Users/itumelengmothibi/.m2/repository/com/fasterxml/jackson/core/jackson-databind/2.16.1/jackson-databind-2.16.1.jar:/Users/itumelengmothibi/.m2/repository/com/fasterxml/jackson/core/jackson-annotations/2.16.1/jackson-annotations-2.16.1.jar:/Users/itumelengmothibi/.m2/repository/com/fasterxml/jackson/core/jackson-core/2.16.1/jackson-core-2.16.1.jar:/Users/itumelengmothibi/.m2/repository/com/fasterxml/jackson/datatype/jackson-datatype-jsr310/2.16.1/jackson-datatype-jsr310-2.16.1.jar:/Users/itumelengmothibi/.m2/repository/org/apache/velocity/velocity-engine-core/2.3/velocity-engine-core-2.3.jar:/Users/itumelengmothibi/.m2/repository/joda-time/joda-time/2.12.6/joda-time-2.12.6.jar:/Users/itumelengmothibi/.m2/repository/org/apache/commons/commons-configuration2/2.9.0/commons-configuration2-2.9.0.jar:/Users/itumelengmothibi/.m2/repository/org/apache/commons/commons-lang3/3.14.0/commons-lang3-3.14.0.jar:/Users/itumelengmothibi/.m2/repository/commons-io/commons-io/2.15.1/commons-io-2.15.1.jar:/Users/itumelengmothibi/.m2/repository/org/apache/commons/commons-text/1.11.0/commons-text-1.11.0.jar:/Users/itumelengmothibi/.m2/repository/org/jsoup/jsoup/1.17.2/jsoup-1.17.2.jar:/Users/itumelengmothibi/.m2/repository/com/googlecode/owasp-java-html-sanitizer/owasp-java-html-sanitizer/20220608.1/owasp-java-html-sanitizer-20220608.1.jar:/Users/itumelengmothibi/.m2/repository/com/google/guava/guava/33.0.0-jre/guava-33.0.0-jre.jar:/Users/itumelengmothibi/.m2/repository/com/google/guava/failureaccess/1.0.2/failureaccess-1.0.2.jar:/Users/itumelengmothibi/.m2/repository/com/google/guava/listenablefuture/9999.0-empty-to-avoid-conflict-with-guava/listenablefuture-9999.0-empty-to-avoid-conflict-with-guava.jar:/Users/itumelengmothibi/.m2/repository/com/google/code/findbugs/jsr305/3.0.2/jsr305-3.0.2.jar:/Users/itumelengmothibi/.m2/repository/org/checkerframework/checker-qual/3.41.0/checker-qual-3.41.0.jar:/Users/itumelengmothibi/.m2/repository/com/google/errorprone/error_prone_annotations/2.23.0/error_prone_annotations-2.23.0.jar:/Users/itumelengmothibi/.m2/repository/com/google/j2objc/j2objc-annotations/2.8/j2objc-annotations-2.8.jar:/Users/itumelengmothibi/.m2/repository/org/slf4j/jcl-over-slf4j/2.0.11/jcl-over-slf4j-2.0.11.jar:/Users/itumelengmothibi/.m2/repository/io/cucumber/cucumber-java/7.14.0/cucumber-java-7.14.0.jar:/Users/itumelengmothibi/.m2/repository/io/cucumber/cucumber-core/7.14.0/cucumber-core-7.14.0.jar:/Users/itumelengmothibi/.m2/repository/io/cucumber/cucumber-gherkin/7.14.0/cucumber-gherkin-7.14.0.jar:/Users/itumelengmothibi/.m2/repository/io/cucumber/cucumber-gherkin-messages/7.14.0/cucumber-gherkin-messages-7.14.0.jar:/Users/itumelengmothibi/.m2/repository/io/cucumber/gherkin/26.2.0/gherkin-26.2.0.jar:/Users/itumelengmothibi/.m2/repository/io/cucumber/messages/22.0.0/messages-22.0.0.jar:/Users/itumelengmothibi/.m2/repository/io/cucumber/tag-expressions/5.0.6/tag-expressions-5.0.6.jar:/Users/itumelengmothibi/.m2/repository/io/cucumber/cucumber-expressions/16.1.2/cucumber-expressions-16.1.2.jar:/Users/itumelengmothibi/.m2/repository/io/cucumber/datatable/7.14.0/datatable-7.14.0.jar:/Users/itumelengmothibi/.m2/repository/io/cucumber/cucumber-plugin/7.14.0/cucumber-plugin-7.14.0.jar:/Users/itumelengmothibi/.m2/repository/io/cucumber/docstring/7.14.0/docstring-7.14.0.jar:/Users/itumelengmothibi/.m2/repository/io/cucumber/html-formatter/20.4.0/html-formatter-20.4.0.jar:/Users/itumelengmothibi/.m2/repository/io/cucumber/junit-xml-formatter/0.2.0/junit-xml-formatter-0.2.0.jar:/Users/itumelengmothibi/.m2/repository/io/cucumber/ci-environment/9.2.0/ci-environment-9.2.0.jar:/Users/itumelengmothibi/.m2/repository/org/apiguardian/apiguardian-api/1.1.2/apiguardian-api-1.1.2.jar:/Users/itumelengmothibi/.m2/repository/io/cucumber/cucumber-junit/7.16.1/cucumber-junit-7.16.1.jar:/Users/itumelengmothibi/.m2/repository/junit/junit/4.13.2/junit-4.13.2.jar:/Users/itumelengmothibi/.m2/repository/org/apache/httpcomponents/httpcore/4.4.16/httpcore-4.4.16.jar:/Users/itumelengmothibi/.m2/repository/commons-logging/commons-logging/1.2/commons-logging-1.2.jar:/Users/itumelengmothibi/.m2/repository/commons-codec/commons-codec/1.11/commons-codec-1.11.jar:/Users/itumelengmothibi/.m2/repository/org/mybatis/mybatis/3.5.15/mybatis-3.5.15.jar:/Users/itumelengmothibi/.m2/repository/org/apache/commons/commons-csv/1.10.0/commons-csv-1.10.0.jar:/Users/itumelengmothibi/.m2/repository/ch/qos/logback/logback-classic/1.2.3/logback-classic-1.2.3.jar:/Users/itumelengmothibi/.m2/repository/ch/qos/logback/logback-core/1.2.3/logback-core-1.2.3.jar:/Users/itumelengmothibi/.m2/repository/org/slf4j/slf4j-api/1.7.32/slf4j-api-1.7.32.jar:/Users/itumelengmothibi/.m2/repository/org/json/json/20240303/json-20240303.jar:/Users/itumelengmothibi/.m2/repository/org/webjars/npm/jsonc-parser/3.2.0/jsonc-parser-3.2.0.jar:/Users/itumelengmothibi/.m2/repository/jakarta/json/jakarta.json-api/2.1.3/jakarta.json-api-2.1.3.jar:/Users/itumelengmothibi/.m2/repository/net/javacrumbs/json-unit/json-unit-core/3.2.7/json-unit-core-3.2.7.jar:/Users/itumelengmothibi/.m2/repository/org/hamcrest/hamcrest-core/2.2/hamcrest-core-2.2.jar:/Users/itumelengmothibi/.m2/repository/org/hamcrest/hamcrest/2.2/hamcrest-2.2.jar:/Users/itumelengmothibi/.m2/repository/com/intuit/karate/karate-gatling/1.4.1/karate-gatling-1.4.1.jar:/Users/itumelengmothibi/.m2/repository/io/gatling/highcharts/gatling-charts-highcharts/3.9.5/gatling-charts-highcharts-3.9.5.jar:/Users/itumelengmothibi/.m2/repository/io/gatling/gatling-app/3.9.5/gatling-app-3.9.5.jar:/Users/itumelengmothibi/.m2/repository/io/gatling/gatling-core/3.9.5/gatling-core-3.9.5.jar:/Users/itumelengmothibi/.m2/repository/io/gatling/gatling-netty-util/3.9.5/gatling-netty-util-3.9.5.jar:/Users/itumelengmothibi/.m2/repository/io/gatling/gatling-jdk-util/3.9.5/gatling-jdk-util-3.9.5.jar:/Users/itumelengmothibi/.m2/repository/io/netty/incubator/netty-incubator-transport-native-io_uring/0.0.21.Final/netty-incubator-transport-native-io_uring-0.0.21.Final-linux-x86_64.jar:/Users/itumelengmothibi/.m2/repository/io/netty/incubator/netty-incubator-transport-classes-io_uring/0.0.21.Final/netty-incubator-transport-classes-io_uring-0.0.21.Final.jar:/Users/itumelengmothibi/.m2/repository/io/netty/incubator/netty-incubator-transport-native-io_uring/0.0.21.Final/netty-incubator-transport-native-io_uring-0.0.21.Final-linux-aarch_64.jar:/Users/itumelengmothibi/.m2/repository/io/gatling/gatling-commons/3.9.5/gatling-commons-3.9.5.jar:/Users/itumelengmothibi/.m2/repository/io/gatling/gatling-commons-shared/3.9.5/gatling-commons-shared-3.9.5.jar:/Users/itumelengmothibi/.m2/repository/org/scala-lang/scala-reflect/2.13.10/scala-reflect-2.13.10.jar:/Users/itumelengmothibi/.m2/repository/io/suzaku/boopickle_2.13/1.3.3/boopickle_2.13-1.3.3.jar:/Users/itumelengmothibi/.m2/repository/io/gatling/gatling-commons-shared-unstable/3.9.5/gatling-commons-shared-unstable-3.9.5.jar:/Users/itumelengmothibi/.m2/repository/org/typelevel/spire-macros_2.13/0.17.0/spire-macros_2.13-0.17.0.jar:/Users/itumelengmothibi/.m2/repository/com/typesafe/scala-logging/scala-logging_2.13/3.9.5/scala-logging_2.13-3.9.5.jar:/Users/itumelengmothibi/.m2/repository/io/gatling/gatling-jsonpath/3.9.5/gatling-jsonpath-3.9.5.jar:/Users/itumelengmothibi/.m2/repository/com/typesafe/akka/akka-slf4j_2.13/2.6.20/akka-slf4j_2.13-2.6.20.jar:/Users/itumelengmothibi/.m2/repository/org/simpleflatmapper/lightning-csv/8.2.3/lightning-csv-8.2.3.jar:/Users/itumelengmothibi/.m2/repository/org/simpleflatmapper/sfm-util/8.2.3/sfm-util-8.2.3.jar:/Users/itumelengmothibi/.m2/repository/com/github/ben-manes/caffeine/caffeine/2.9.3/caffeine-2.9.3.jar:/Users/itumelengmothibi/.m2/repository/io/pebbletemplates/pebble/3.2.1/pebble-3.2.1.jar:/Users/itumelengmothibi/.m2/repository/org/scala-lang/modules/scala-parser-combinators_2.13/2.3.0/scala-parser-combinators_2.13-2.3.0.jar:/Users/itumelengmothibi/.m2/repository/com/github/scopt/scopt_2.13/3.7.1/scopt_2.13-3.7.1.jar:/Users/itumelengmothibi/.m2/repository/com/softwaremill/quicklens/quicklens_2.13/1.9.3/quicklens_2.13-1.9.3.jar:/Users/itumelengmothibi/.m2/repository/net/sf/saxon/Saxon-HE/10.6/Saxon-HE-10.6.jar:/Users/itumelengmothibi/.m2/repository/org/jodd/jodd-lagarto/6.0.6/jodd-lagarto-6.0.6.jar:/Users/itumelengmothibi/.m2/repository/org/jodd/jodd-util/6.1.0/jodd-util-6.1.0.jar:/Users/itumelengmothibi/.m2/repository/io/burt/jmespath-jackson/0.5.1/jmespath-jackson-0.5.1.jar:/Users/itumelengmothibi/.m2/repository/io/burt/jmespath-core/0.5.1/jmespath-core-0.5.1.jar:/Users/itumelengmothibi/.m2/repository/io/gatling/gatling-core-java/3.9.5/gatling-core-java-3.9.5.jar:/Users/itumelengmothibi/.m2/repository/net/jodah/typetools/0.6.3/typetools-0.6.3.jar:/Users/itumelengmothibi/.m2/repository/io/gatling/gatling-http/3.9.5/gatling-http-3.9.5.jar:/Users/itumelengmothibi/.m2/repository/io/gatling/gatling-http-client/3.9.5/gatling-http-client-3.9.5.jar:/Users/itumelengmothibi/.m2/repository/io/netty/netty-tcnative-boringssl-static/2.0.61.Final/netty-tcnative-boringssl-static-2.0.61.Final.jar:/Users/itumelengmothibi/.m2/repository/com/aayushatharva/brotli4j/native-linux-x86_64/1.11.0/native-linux-x86_64-1.11.0.jar:/Users/itumelengmothibi/.m2/repository/com/aayushatharva/brotli4j/native-linux-aarch64/1.11.0/native-linux-aarch64-1.11.0.jar:/Users/itumelengmothibi/.m2/repository/com/aayushatharva/brotli4j/native-osx-x86_64/1.11.0/native-osx-x86_64-1.11.0.jar:/Users/itumelengmothibi/.m2/repository/com/aayushatharva/brotli4j/native-windows-x86_64/1.11.0/native-windows-x86_64-1.11.0.jar:/Users/itumelengmothibi/.m2/repository/io/gatling/gatling-http-java/3.9.5/gatling-http-java-3.9.5.jar:/Users/itumelengmothibi/.m2/repository/io/gatling/gatling-jms/3.9.5/gatling-jms-3.9.5.jar:/Users/itumelengmothibi/.m2/repository/javax/jms/javax.jms-api/2.0.1/javax.jms-api-2.0.1.jar:/Users/itumelengmothibi/.m2/repository/com/eatthepath/fast-uuid/0.2.0/fast-uuid-0.2.0.jar:/Users/itumelengmothibi/.m2/repository/io/gatling/gatling-jms-java/3.9.5/gatling-jms-java-3.9.5.jar:/Users/itumelengmothibi/.m2/repository/io/gatling/gatling-mqtt/3.9.5/gatling-mqtt-3.9.5.jar:/Users/itumelengmothibi/.m2/repository/io/netty/netty-codec-mqtt/4.1.92.Final/netty-codec-mqtt-4.1.92.Final.jar:/Users/itumelengmothibi/.m2/repository/io/gatling/gatling-mqtt-java/3.9.5/gatling-mqtt-java-3.9.5.jar:/Users/itumelengmothibi/.m2/repository/io/gatling/gatling-jdbc/3.9.5/gatling-jdbc-3.9.5.jar:/Users/itumelengmothibi/.m2/repository/io/gatling/gatling-jdbc-java/3.9.5/gatling-jdbc-java-3.9.5.jar:/Users/itumelengmothibi/.m2/repository/io/gatling/gatling-redis/3.9.5/gatling-redis-3.9.5.jar:/Users/itumelengmothibi/.m2/repository/net/debasishg/redisclient_2.13/3.42/redisclient_2.13-3.42.jar:/Users/itumelengmothibi/.m2/repository/org/apache/commons/commons-pool2/2.8.0/commons-pool2-2.8.0.jar:/Users/itumelengmothibi/.m2/repository/io/gatling/gatling-redis-java/3.9.5/gatling-redis-java-3.9.5.jar:/Users/itumelengmothibi/.m2/repository/io/gatling/gatling-graphite/3.9.5/gatling-graphite-3.9.5.jar:/Users/itumelengmothibi/.m2/repository/io/gatling/gatling-charts/3.9.5/gatling-charts-3.9.5.jar:/Users/itumelengmothibi/.m2/repository/com/tdunning/t-digest/3.1/t-digest-3.1.jar:/Users/itumelengmothibi/.m2/repository/io/gatling/gatling-recorder/3.9.5/gatling-recorder-3.9.5.jar:/Users/itumelengmothibi/.m2/repository/org/scala-lang/modules/scala-swing_2.13/3.0.0/scala-swing_2.13-3.0.0.jar:/Users/itumelengmothibi/.m2/repository/io/gatling/gatling-recorder-bc-shaded/1.73/gatling-recorder-bc-shaded-1.73.jar:/Users/itumelengmothibi/.m2/repository/com/typesafe/akka/akka-actor_2.13/2.6.20/akka-actor_2.13-2.6.20.jar:/Users/itumelengmothibi/.m2/repository/org/scala-lang/modules/scala-java8-compat_2.13/1.0.0/scala-java8-compat_2.13-1.0.0.jar:/Users/itumelengmothibi/.m2/repository/org/apache/httpcomponents/httpclient/4.5.12/httpclient-4.5.12.jar:/Users/itumelengmothibi/.m2/repository/org/apache/httpcomponents/httpmime/4.5.12/httpmime-4.5.12.jar:/Users/itumelengmothibi/.m2/repository/org/codehaus/plexus/plexus-utils/4.0.0/plexus-utils-4.0.0.jar:/Users/itumelengmothibi/.m2/repository/io/gatling/gatling-enterprise-plugin-commons/1.9.0-M8/gatling-enterprise-plugin-commons-1.9.0-M8.jar:/Users/itumelengmothibi/.m2/repository/io/gatling/gatling-scanner/1.4.0-M3/gatling-scanner-1.4.0-M3.jar:/Users/itumelengmothibi/.m2/repository/io/gatling/gatling-asm-shaded/9.6/gatling-asm-shaded-9.6.jar:/Users/itumelengmothibi/.m2/repository/com/typesafe/config/1.4.3/config-1.4.3.jar:/Users/itumelengmothibi/.m2/repository/org/seleniumhq/selenium/selenium-java/4.17.0/selenium-java-4.17.0.jar:/Users/itumelengmothibi/.m2/repository/org/seleniumhq/selenium/selenium-devtools-v119/4.17.0/selenium-devtools-v119-4.17.0.jar:/Users/itumelengmothibi/.m2/repository/org/seleniumhq/selenium/selenium-devtools-v120/4.17.0/selenium-devtools-v120-4.17.0.jar:/Users/itumelengmothibi/.m2/repository/org/seleniumhq/selenium/selenium-devtools-v121/4.17.0/selenium-devtools-v121-4.17.0.jar:/Users/itumelengmothibi/.m2/repository/org/seleniumhq/selenium/selenium-devtools-v85/4.17.0/selenium-devtools-v85-4.17.0.jar:/Users/itumelengmothibi/.m2/repository/org/seleniumhq/selenium/selenium-api/4.17.0/selenium-api-4.17.0.jar:/Users/itumelengmothibi/.m2/repository/org/seleniumhq/selenium/selenium-chrome-driver/4.17.0/selenium-chrome-driver-4.17.0.jar:/Users/itumelengmothibi/.m2/repository/com/google/auto/service/auto-service-annotations/1.1.1/auto-service-annotations-1.1.1.jar:/Users/itumelengmothibi/.m2/repository/org/seleniumhq/selenium/selenium-chromium-driver/4.17.0/selenium-chromium-driver-4.17.0.jar:/Users/itumelengmothibi/.m2/repository/org/seleniumhq/selenium/selenium-json/4.17.0/selenium-json-4.17.0.jar:/Users/itumelengmothibi/.m2/repository/org/seleniumhq/selenium/selenium-manager/4.17.0/selenium-manager-4.17.0.jar:/Users/itumelengmothibi/.m2/repository/org/seleniumhq/selenium/selenium-edge-driver/4.17.0/selenium-edge-driver-4.17.0.jar:/Users/itumelengmothibi/.m2/repository/org/seleniumhq/selenium/selenium-firefox-driver/4.17.0/selenium-firefox-driver-4.17.0.jar:/Users/itumelengmothibi/.m2/repository/org/seleniumhq/selenium/selenium-http/4.17.0/selenium-http-4.17.0.jar:/Users/itumelengmothibi/.m2/repository/dev/failsafe/failsafe/3.3.2/failsafe-3.3.2.jar:/Users/itumelengmothibi/.m2/repository/org/seleniumhq/selenium/selenium-ie-driver/4.17.0/selenium-ie-driver-4.17.0.jar:/Users/itumelengmothibi/.m2/repository/org/seleniumhq/selenium/selenium-remote-driver/4.17.0/selenium-remote-driver-4.17.0.jar:/Users/itumelengmothibi/.m2/repository/io/opentelemetry/semconv/opentelemetry-semconv/1.23.1-alpha/opentelemetry-semconv-1.23.1-alpha.jar:/Users/itumelengmothibi/.m2/repository/io/opentelemetry/opentelemetry-api/1.34.1/opentelemetry-api-1.34.1.jar:/Users/itumelengmothibi/.m2/repository/io/opentelemetry/opentelemetry-context/1.34.1/opentelemetry-context-1.34.1.jar:/Users/itumelengmothibi/.m2/repository/io/opentelemetry/opentelemetry-exporter-logging/1.34.1/opentelemetry-exporter-logging-1.34.1.jar:/Users/itumelengmothibi/.m2/repository/io/opentelemetry/opentelemetry-sdk-common/1.34.1/opentelemetry-sdk-common-1.34.1.jar:/Users/itumelengmothibi/.m2/repository/io/opentelemetry/opentelemetry-sdk-extension-autoconfigure-spi/1.34.1/opentelemetry-sdk-extension-autoconfigure-spi-1.34.1.jar:/Users/itumelengmothibi/.m2/repository/io/opentelemetry/opentelemetry-sdk-extension-autoconfigure/1.34.1/opentelemetry-sdk-extension-autoconfigure-1.34.1.jar:/Users/itumelengmothibi/.m2/repository/io/opentelemetry/opentelemetry-api-events/1.34.1-alpha/opentelemetry-api-events-1.34.1-alpha.jar:/Users/itumelengmothibi/.m2/repository/io/opentelemetry/opentelemetry-sdk-trace/1.34.1/opentelemetry-sdk-trace-1.34.1.jar:/Users/itumelengmothibi/.m2/repository/io/opentelemetry/opentelemetry-sdk/1.34.1/opentelemetry-sdk-1.34.1.jar:/Users/itumelengmothibi/.m2/repository/io/opentelemetry/opentelemetry-sdk-metrics/1.34.1/opentelemetry-sdk-metrics-1.34.1.jar:/Users/itumelengmothibi/.m2/repository/io/opentelemetry/opentelemetry-extension-incubator/1.34.1-alpha/opentelemetry-extension-incubator-1.34.1-alpha.jar:/Users/itumelengmothibi/.m2/repository/io/opentelemetry/opentelemetry-sdk-logs/1.34.1/opentelemetry-sdk-logs-1.34.1.jar:/Users/itumelengmothibi/.m2/repository/net/bytebuddy/byte-buddy/1.14.11/byte-buddy-1.14.11.jar:/Users/itumelengmothibi/.m2/repository/org/seleniumhq/selenium/selenium-os/4.17.0/selenium-os-4.17.0.jar:/Users/itumelengmothibi/.m2/repository/org/apache/commons/commons-exec/1.3/commons-exec-1.3.jar:/Users/itumelengmothibi/.m2/repository/org/seleniumhq/selenium/selenium-safari-driver/4.17.0/selenium-safari-driver-4.17.0.jar:/Users/itumelengmothibi/.m2/repository/org/seleniumhq/selenium/selenium-support/4.17.0/selenium-support-4.17.0.jar:"/>
    <property name="java.vm.vendor" value="Eclipse Adoptium"/>
    <property name="sun.arch.data.model" value="64"/>
    <property name="karate.env" value="local"/>
    <property name="java.vendor.url" value="https://adoptium.net/"/>
    <property name="user.timezone" value="Africa/Johannesburg"/>
    <property name="os.name" value="Mac OS X"/>
    <property name="java.vm.specification.version" value="17"/>
    <property name="testsWeburl" value="https://adactinhotelapp.com/"/>
    <property name="sun.java.launcher" value="SUN_STANDARD"/>
    <property name="user.country" value="ZA"/>
    <property name="sun.boot.library.path" value="/Library/Java/JavaVirtualMachines/temurin-17.jdk/Contents/Home/lib"/>
    <property name="sun.java.command" value="/Users/itumelengmothibi/IdeaProjects/testautomation/target/surefire/surefirebooter-20240513235239310_3.jar /Users/itumelengmothibi/IdeaProjects/testautomation/target/surefire 2024-05-13T23-52-39_276-jvmRun1 surefire-20240513235239310_1tmp surefire_0-20240513235239310_2tmp"/>
    <property name="http.nonProxyHosts" value="local|*.local|169.254/16|*.169.254/16"/>
    <property name="jdk.debug" value="release"/>
    <property name="surefire.test.class.path" value="/Users/itumelengmothibi/IdeaProjects/testautomation/target/test-classes:/Users/itumelengmothibi/IdeaProjects/testautomation/target/classes:/Users/itumelengmothibi/.m2/repository/com/intuit/karate/karate-junit5/1.4.1/karate-junit5-1.4.1.jar:/Users/itumelengmothibi/.m2/repository/com/intuit/karate/karate-core/1.4.1/karate-core-1.4.1.jar:/Users/itumelengmothibi/.m2/repository/org/graalvm/js/js-scriptengine/22.3.3/js-scriptengine-22.3.3.jar:/Users/itumelengmothibi/.m2/repository/org/graalvm/sdk/graal-sdk/22.3.3/graal-sdk-22.3.3.jar:/Users/itumelengmothibi/.m2/repository/org/graalvm/js/js/22.3.3/js-22.3.3.jar:/Users/itumelengmothibi/.m2/repository/org/graalvm/regex/regex/22.3.3/regex-22.3.3.jar:/Users/itumelengmothibi/.m2/repository/org/graalvm/truffle/truffle-api/22.3.3/truffle-api-22.3.3.jar:/Users/itumelengmothibi/.m2/repository/com/ibm/icu/icu4j/71.1/icu4j-71.1.jar:/Users/itumelengmothibi/.m2/repository/org/thymeleaf/thymeleaf/3.1.2.RELEASE/thymeleaf-3.1.2.RELEASE.jar:/Users/itumelengmothibi/.m2/repository/ognl/ognl/3.3.4/ognl-3.3.4.jar:/Users/itumelengmothibi/.m2/repository/org/javassist/javassist/3.29.0-GA/javassist-3.29.0-GA.jar:/Users/itumelengmothibi/.m2/repository/org/attoparser/attoparser/2.0.7.RELEASE/attoparser-2.0.7.RELEASE.jar:/Users/itumelengmothibi/.m2/repository/org/unbescape/unbescape/1.1.6.RELEASE/unbescape-1.1.6.RELEASE.jar:/Users/itumelengmothibi/.m2/repository/com/linecorp/armeria/armeria/1.25.2/armeria-1.25.2.jar:/Users/itumelengmothibi/.m2/repository/com/fasterxml/jackson/datatype/jackson-datatype-jdk8/2.15.2/jackson-datatype-jdk8-2.15.2.jar:/Users/itumelengmothibi/.m2/repository/io/micrometer/micrometer-core/1.11.3/micrometer-core-1.11.3.jar:/Users/itumelengmothibi/.m2/repository/io/micrometer/micrometer-commons/1.11.3/micrometer-commons-1.11.3.jar:/Users/itumelengmothibi/.m2/repository/io/micrometer/micrometer-observation/1.11.3/micrometer-observation-1.11.3.jar:/Users/itumelengmothibi/.m2/repository/org/hdrhistogram/HdrHistogram/2.1.12/HdrHistogram-2.1.12.jar:/Users/itumelengmothibi/.m2/repository/org/latencyutils/LatencyUtils/2.0.3/LatencyUtils-2.0.3.jar:/Users/itumelengmothibi/.m2/repository/io/netty/netty-transport/4.1.96.Final/netty-transport-4.1.96.Final.jar:/Users/itumelengmothibi/.m2/repository/io/netty/netty-common/4.1.96.Final/netty-common-4.1.96.Final.jar:/Users/itumelengmothibi/.m2/repository/io/netty/netty-buffer/4.1.96.Final/netty-buffer-4.1.96.Final.jar:/Users/itumelengmothibi/.m2/repository/io/netty/netty-resolver/4.1.96.Final/netty-resolver-4.1.96.Final.jar:/Users/itumelengmothibi/.m2/repository/io/netty/netty-codec-haproxy/4.1.96.Final/netty-codec-haproxy-4.1.96.Final.jar:/Users/itumelengmothibi/.m2/repository/io/netty/netty-codec/4.1.96.Final/netty-codec-4.1.96.Final.jar:/Users/itumelengmothibi/.m2/repository/io/netty/netty-codec-http2/4.1.96.Final/netty-codec-http2-4.1.96.Final.jar:/Users/itumelengmothibi/.m2/repository/io/netty/netty-handler/4.1.96.Final/netty-handler-4.1.96.Final.jar:/Users/itumelengmothibi/.m2/repository/io/netty/netty-codec-http/4.1.96.Final/netty-codec-http-4.1.96.Final.jar:/Users/itumelengmothibi/.m2/repository/io/netty/netty-resolver-dns/4.1.96.Final/netty-resolver-dns-4.1.96.Final.jar:/Users/itumelengmothibi/.m2/repository/io/netty/netty-codec-dns/4.1.96.Final/netty-codec-dns-4.1.96.Final.jar:/Users/itumelengmothibi/.m2/repository/org/reactivestreams/reactive-streams/1.0.4/reactive-streams-1.0.4.jar:/Users/itumelengmothibi/.m2/repository/io/netty/netty-handler-proxy/4.1.96.Final/netty-handler-proxy-4.1.96.Final.jar:/Users/itumelengmothibi/.m2/repository/io/netty/netty-codec-socks/4.1.96.Final/netty-codec-socks-4.1.96.Final.jar:/Users/itumelengmothibi/.m2/repository/io/netty/netty-transport-native-unix-common/4.1.96.Final/netty-transport-native-unix-common-4.1.96.Final-linux-x86_64.jar:/Users/itumelengmothibi/.m2/repository/io/netty/netty-transport-native-epoll/4.1.96.Final/netty-transport-native-epoll-4.1.96.Final-linux-x86_64.jar:/Users/itumelengmothibi/.m2/repository/io/netty/netty-transport-native-unix-common/4.1.96.Final/netty-transport-native-unix-common-4.1.96.Final.jar:/Users/itumelengmothibi/.m2/repository/io/netty/netty-transport-classes-epoll/4.1.96.Final/netty-transport-classes-epoll-4.1.96.Final.jar:/Users/itumelengmothibi/.m2/repository/io/netty/netty-transport-native-unix-common/4.1.96.Final/netty-transport-native-unix-common-4.1.96.Final-linux-aarch_64.jar:/Users/itumelengmothibi/.m2/repository/io/netty/netty-transport-native-epoll/4.1.96.Final/netty-transport-native-epoll-4.1.96.Final-linux-aarch_64.jar:/Users/itumelengmothibi/.m2/repository/io/netty/netty-transport-native-unix-common/4.1.96.Final/netty-transport-native-unix-common-4.1.96.Final-osx-x86_64.jar:/Users/itumelengmothibi/.m2/repository/io/netty/netty-transport-native-kqueue/4.1.96.Final/netty-transport-native-kqueue-4.1.96.Final-osx-x86_64.jar:/Users/itumelengmothibi/.m2/repository/io/netty/netty-transport-classes-kqueue/4.1.96.Final/netty-transport-classes-kqueue-4.1.96.Final.jar:/Users/itumelengmothibi/.m2/repository/io/netty/netty-resolver-dns-native-macos/4.1.96.Final/netty-resolver-dns-native-macos-4.1.96.Final-osx-x86_64.jar:/Users/itumelengmothibi/.m2/repository/io/netty/netty-resolver-dns-classes-macos/4.1.96.Final/netty-resolver-dns-classes-macos-4.1.96.Final.jar:/Users/itumelengmothibi/.m2/repository/io/netty/netty-transport-native-unix-common/4.1.96.Final/netty-transport-native-unix-common-4.1.96.Final-osx-aarch_64.jar:/Users/itumelengmothibi/.m2/repository/io/netty/netty-transport-native-kqueue/4.1.96.Final/netty-transport-native-kqueue-4.1.96.Final-osx-aarch_64.jar:/Users/itumelengmothibi/.m2/repository/io/netty/netty-resolver-dns-native-macos/4.1.96.Final/netty-resolver-dns-native-macos-4.1.96.Final-osx-aarch_64.jar:/Users/itumelengmothibi/.m2/repository/io/netty/netty-tcnative-boringssl-static/2.0.61.Final/netty-tcnative-boringssl-static-2.0.61.Final-linux-x86_64.jar:/Users/itumelengmothibi/.m2/repository/io/netty/netty-tcnative-classes/2.0.61.Final/netty-tcnative-classes-2.0.61.Final.jar:/Users/itumelengmothibi/.m2/repository/io/netty/netty-tcnative-boringssl-static/2.0.61.Final/netty-tcnative-boringssl-static-2.0.61.Final-linux-aarch_64.jar:/Users/itumelengmothibi/.m2/repository/io/netty/netty-tcnative-boringssl-static/2.0.61.Final/netty-tcnative-boringssl-static-2.0.61.Final-osx-x86_64.jar:/Users/itumelengmothibi/.m2/repository/io/netty/netty-tcnative-boringssl-static/2.0.61.Final/netty-tcnative-boringssl-static-2.0.61.Final-osx-aarch_64.jar:/Users/itumelengmothibi/.m2/repository/io/netty/netty-tcnative-boringssl-static/2.0.61.Final/netty-tcnative-boringssl-static-2.0.61.Final-windows-x86_64.jar:/Users/itumelengmothibi/.m2/repository/com/aayushatharva/brotli4j/brotli4j/1.12.0/brotli4j-1.12.0.jar:/Users/itumelengmothibi/.m2/repository/com/aayushatharva/brotli4j/service/1.12.0/service-1.12.0.jar:/Users/itumelengmothibi/.m2/repository/com/aayushatharva/brotli4j/native-osx-aarch64/1.12.0/native-osx-aarch64-1.12.0.jar:/Users/itumelengmothibi/.m2/repository/org/antlr/antlr4-runtime/4.11.1/antlr4-runtime-4.11.1.jar:/Users/itumelengmothibi/.m2/repository/com/jayway/jsonpath/json-path/2.8.0/json-path-2.8.0.jar:/Users/itumelengmothibi/.m2/repository/net/minidev/json-smart/2.4.10/json-smart-2.4.10.jar:/Users/itumelengmothibi/.m2/repository/net/minidev/accessors-smart/2.4.9/accessors-smart-2.4.9.jar:/Users/itumelengmothibi/.m2/repository/org/yaml/snakeyaml/2.0/snakeyaml-2.0.jar:/Users/itumelengmothibi/.m2/repository/de/siegmar/fastcsv/2.2.1/fastcsv-2.2.1.jar:/Users/itumelengmothibi/.m2/repository/info/picocli/picocli/4.7.1/picocli-4.7.1.jar:/Users/itumelengmothibi/.m2/repository/io/github/classgraph/classgraph/4.8.160/classgraph-4.8.160.jar:/Users/itumelengmothibi/.m2/repository/io/github/t12y/resemble/1.0.2/resemble-1.0.2.jar:/Users/itumelengmothibi/.m2/repository/io/github/t12y/ssim/1.0.0/ssim-1.0.0.jar:/Users/itumelengmothibi/.m2/repository/org/junit/jupiter/junit-jupiter-api/5.9.3/junit-jupiter-api-5.9.3.jar:/Users/itumelengmothibi/.m2/repository/org/opentest4j/opentest4j/1.2.0/opentest4j-1.2.0.jar:/Users/itumelengmothibi/.m2/repository/org/junit/platform/junit-platform-commons/1.9.3/junit-platform-commons-1.9.3.jar:/Users/itumelengmothibi/.m2/repository/org/junit/jupiter/junit-jupiter-engine/5.9.3/junit-jupiter-engine-5.9.3.jar:/Users/itumelengmothibi/.m2/repository/org/junit/platform/junit-platform-engine/1.9.3/junit-platform-engine-1.9.3.jar:/Users/itumelengmothibi/.m2/repository/org/apache/maven/plugins/maven-surefire-plugin/3.2.5/maven-surefire-plugin-3.2.5.jar:/Users/itumelengmothibi/.m2/repository/org/apache/maven/surefire/maven-surefire-common/3.2.5/maven-surefire-common-3.2.5.jar:/Users/itumelengmothibi/.m2/repository/org/apache/maven/surefire/surefire-api/3.2.5/surefire-api-3.2.5.jar:/Users/itumelengmothibi/.m2/repository/org/apache/maven/surefire/surefire-logger-api/3.2.5/surefire-logger-api-3.2.5.jar:/Users/itumelengmothibi/.m2/repository/org/apache/maven/surefire/surefire-extensions-api/3.2.5/surefire-extensions-api-3.2.5.jar:/Users/itumelengmothibi/.m2/repository/org/apache/maven/surefire/surefire-booter/3.2.5/surefire-booter-3.2.5.jar:/Users/itumelengmothibi/.m2/repository/org/apache/maven/surefire/surefire-extensions-spi/3.2.5/surefire-extensions-spi-3.2.5.jar:/Users/itumelengmothibi/.m2/repository/org/eclipse/aether/aether-util/1.0.0.v20140518/aether-util-1.0.0.v20140518.jar:/Users/itumelengmothibi/.m2/repository/org/eclipse/aether/aether-api/1.0.0.v20140518/aether-api-1.0.0.v20140518.jar:/Users/itumelengmothibi/.m2/repository/org/apache/maven/shared/maven-common-artifact-filters/3.1.1/maven-common-artifact-filters-3.1.1.jar:/Users/itumelengmothibi/.m2/repository/org/apache/maven/maven-artifact/3.1.0/maven-artifact-3.1.0.jar:/Users/itumelengmothibi/.m2/repository/org/apache/maven/maven-core/3.1.0/maven-core-3.1.0.jar:/Users/itumelengmothibi/.m2/repository/org/apache/maven/maven-settings/3.1.0/maven-settings-3.1.0.jar:/Users/itumelengmothibi/.m2/repository/org/apache/maven/maven-settings-builder/3.1.0/maven-settings-builder-3.1.0.jar:/Users/itumelengmothibi/.m2/repository/org/apache/maven/maven-repository-metadata/3.1.0/maven-repository-metadata-3.1.0.jar:/Users/itumelengmothibi/.m2/repository/org/apache/maven/maven-model-builder/3.1.0/maven-model-builder-3.1.0.jar:/Users/itumelengmothibi/.m2/repository/org/apache/maven/maven-aether-provider/3.1.0/maven-aether-provider-3.1.0.jar:/Users/itumelengmothibi/.m2/repository/org/eclipse/aether/aether-spi/0.9.0.M2/aether-spi-0.9.0.M2.jar:/Users/itumelengmothibi/.m2/repository/org/eclipse/aether/aether-impl/0.9.0.M2/aether-impl-0.9.0.M2.jar:/Users/itumelengmothibi/.m2/repository/org/eclipse/sisu/org.eclipse.sisu.plexus/0.0.0.M2a/org.eclipse.sisu.plexus-0.0.0.M2a.jar:/Users/itumelengmothibi/.m2/repository/javax/enterprise/cdi-api/1.0/cdi-api-1.0.jar:/Users/itumelengmothibi/.m2/repository/javax/annotation/jsr250-api/1.0/jsr250-api-1.0.jar:/Users/itumelengmothibi/.m2/repository/javax/inject/javax.inject/1/javax.inject-1.jar:/Users/itumelengmothibi/.m2/repository/org/sonatype/sisu/sisu-guice/3.1.0/sisu-guice-3.1.0-no_aop.jar:/Users/itumelengmothibi/.m2/repository/aopalliance/aopalliance/1.0/aopalliance-1.0.jar:/Users/itumelengmothibi/.m2/repository/org/eclipse/sisu/org.eclipse.sisu.inject/0.0.0.M2a/org.eclipse.sisu.inject-0.0.0.M2a.jar:/Users/itumelengmothibi/.m2/repository/asm/asm/3.3.1/asm-3.3.1.jar:/Users/itumelengmothibi/.m2/repository/org/codehaus/plexus/plexus-interpolation/1.16/plexus-interpolation-1.16.jar:/Users/itumelengmothibi/.m2/repository/org/codehaus/plexus/plexus-classworlds/2.4.2/plexus-classworlds-2.4.2.jar:/Users/itumelengmothibi/.m2/repository/org/codehaus/plexus/plexus-component-annotations/1.5.5/plexus-component-annotations-1.5.5.jar:/Users/itumelengmothibi/.m2/repository/org/sonatype/plexus/plexus-sec-dispatcher/1.3/plexus-sec-dispatcher-1.3.jar:/Users/itumelengmothibi/.m2/repository/org/sonatype/plexus/plexus-cipher/1.4/plexus-cipher-1.4.jar:/Users/itumelengmothibi/.m2/repository/org/apache/maven/maven-plugin-api/3.1.0/maven-plugin-api-3.1.0.jar:/Users/itumelengmothibi/.m2/repository/org/codehaus/plexus/plexus-java/1.2.0/plexus-java-1.2.0.jar:/Users/itumelengmothibi/.m2/repository/org/ow2/asm/asm/9.6/asm-9.6.jar:/Users/itumelengmothibi/.m2/repository/com/thoughtworks/qdox/qdox/2.0.3/qdox-2.0.3.jar:/Users/itumelengmothibi/.m2/repository/org/apache/maven/surefire/surefire-shared-utils/3.2.5/surefire-shared-utils-3.2.5.jar:/Users/itumelengmothibi/.m2/repository/org/scala-lang/scala-library/2.13.10/scala-library-2.13.10.jar:/Users/itumelengmothibi/.m2/repository/net/masterthought/cucumber-reporting/5.8.0/cucumber-reporting-5.8.0.jar:/Users/itumelengmothibi/.m2/repository/com/fasterxml/jackson/core/jackson-databind/2.16.1/jackson-databind-2.16.1.jar:/Users/itumelengmothibi/.m2/repository/com/fasterxml/jackson/core/jackson-annotations/2.16.1/jackson-annotations-2.16.1.jar:/Users/itumelengmothibi/.m2/repository/com/fasterxml/jackson/core/jackson-core/2.16.1/jackson-core-2.16.1.jar:/Users/itumelengmothibi/.m2/repository/com/fasterxml/jackson/datatype/jackson-datatype-jsr310/2.16.1/jackson-datatype-jsr310-2.16.1.jar:/Users/itumelengmothibi/.m2/repository/org/apache/velocity/velocity-engine-core/2.3/velocity-engine-core-2.3.jar:/Users/itumelengmothibi/.m2/repository/joda-time/joda-time/2.12.6/joda-time-2.12.6.jar:/Users/itumelengmothibi/.m2/repository/org/apache/commons/commons-configuration2/2.9.0/commons-configuration2-2.9.0.jar:/Users/itumelengmothibi/.m2/repository/org/apache/commons/commons-lang3/3.14.0/commons-lang3-3.14.0.jar:/Users/itumelengmothibi/.m2/repository/commons-io/commons-io/2.15.1/commons-io-2.15.1.jar:/Users/itumelengmothibi/.m2/repository/org/apache/commons/commons-text/1.11.0/commons-text-1.11.0.jar:/Users/itumelengmothibi/.m2/repository/org/jsoup/jsoup/1.17.2/jsoup-1.17.2.jar:/Users/itumelengmothibi/.m2/repository/com/googlecode/owasp-java-html-sanitizer/owasp-java-html-sanitizer/20220608.1/owasp-java-html-sanitizer-20220608.1.jar:/Users/itumelengmothibi/.m2/repository/com/google/guava/guava/33.0.0-jre/guava-33.0.0-jre.jar:/Users/itumelengmothibi/.m2/repository/com/google/guava/failureaccess/1.0.2/failureaccess-1.0.2.jar:/Users/itumelengmothibi/.m2/repository/com/google/guava/listenablefuture/9999.0-empty-to-avoid-conflict-with-guava/listenablefuture-9999.0-empty-to-avoid-conflict-with-guava.jar:/Users/itumelengmothibi/.m2/repository/com/google/code/findbugs/jsr305/3.0.2/jsr305-3.0.2.jar:/Users/itumelengmothibi/.m2/repository/org/checkerframework/checker-qual/3.41.0/checker-qual-3.41.0.jar:/Users/itumelengmothibi/.m2/repository/com/google/errorprone/error_prone_annotations/2.23.0/error_prone_annotations-2.23.0.jar:/Users/itumelengmothibi/.m2/repository/com/google/j2objc/j2objc-annotations/2.8/j2objc-annotations-2.8.jar:/Users/itumelengmothibi/.m2/repository/org/slf4j/jcl-over-slf4j/2.0.11/jcl-over-slf4j-2.0.11.jar:/Users/itumelengmothibi/.m2/repository/io/cucumber/cucumber-java/7.14.0/cucumber-java-7.14.0.jar:/Users/itumelengmothibi/.m2/repository/io/cucumber/cucumber-core/7.14.0/cucumber-core-7.14.0.jar:/Users/itumelengmothibi/.m2/repository/io/cucumber/cucumber-gherkin/7.14.0/cucumber-gherkin-7.14.0.jar:/Users/itumelengmothibi/.m2/repository/io/cucumber/cucumber-gherkin-messages/7.14.0/cucumber-gherkin-messages-7.14.0.jar:/Users/itumelengmothibi/.m2/repository/io/cucumber/gherkin/26.2.0/gherkin-26.2.0.jar:/Users/itumelengmothibi/.m2/repository/io/cucumber/messages/22.0.0/messages-22.0.0.jar:/Users/itumelengmothibi/.m2/repository/io/cucumber/tag-expressions/5.0.6/tag-expressions-5.0.6.jar:/Users/itumelengmothibi/.m2/repository/io/cucumber/cucumber-expressions/16.1.2/cucumber-expressions-16.1.2.jar:/Users/itumelengmothibi/.m2/repository/io/cucumber/datatable/7.14.0/datatable-7.14.0.jar:/Users/itumelengmothibi/.m2/repository/io/cucumber/cucumber-plugin/7.14.0/cucumber-plugin-7.14.0.jar:/Users/itumelengmothibi/.m2/repository/io/cucumber/docstring/7.14.0/docstring-7.14.0.jar:/Users/itumelengmothibi/.m2/repository/io/cucumber/html-formatter/20.4.0/html-formatter-20.4.0.jar:/Users/itumelengmothibi/.m2/repository/io/cucumber/junit-xml-formatter/0.2.0/junit-xml-formatter-0.2.0.jar:/Users/itumelengmothibi/.m2/repository/io/cucumber/ci-environment/9.2.0/ci-environment-9.2.0.jar:/Users/itumelengmothibi/.m2/repository/org/apiguardian/apiguardian-api/1.1.2/apiguardian-api-1.1.2.jar:/Users/itumelengmothibi/.m2/repository/io/cucumber/cucumber-junit/7.16.1/cucumber-junit-7.16.1.jar:/Users/itumelengmothibi/.m2/repository/junit/junit/4.13.2/junit-4.13.2.jar:/Users/itumelengmothibi/.m2/repository/org/apache/httpcomponents/httpcore/4.4.16/httpcore-4.4.16.jar:/Users/itumelengmothibi/.m2/repository/commons-logging/commons-logging/1.2/commons-logging-1.2.jar:/Users/itumelengmothibi/.m2/repository/commons-codec/commons-codec/1.11/commons-codec-1.11.jar:/Users/itumelengmothibi/.m2/repository/org/mybatis/mybatis/3.5.15/mybatis-3.5.15.jar:/Users/itumelengmothibi/.m2/repository/org/apache/commons/commons-csv/1.10.0/commons-csv-1.10.0.jar:/Users/itumelengmothibi/.m2/repository/ch/qos/logback/logback-classic/1.2.3/logback-classic-1.2.3.jar:/Users/itumelengmothibi/.m2/repository/ch/qos/logback/logback-core/1.2.3/logback-core-1.2.3.jar:/Users/itumelengmothibi/.m2/repository/org/slf4j/slf4j-api/1.7.32/slf4j-api-1.7.32.jar:/Users/itumelengmothibi/.m2/repository/org/json/json/20240303/json-20240303.jar:/Users/itumelengmothibi/.m2/repository/org/webjars/npm/jsonc-parser/3.2.0/jsonc-parser-3.2.0.jar:/Users/itumelengmothibi/.m2/repository/jakarta/json/jakarta.json-api/2.1.3/jakarta.json-api-2.1.3.jar:/Users/itumelengmothibi/.m2/repository/net/javacrumbs/json-unit/json-unit-core/3.2.7/json-unit-core-3.2.7.jar:/Users/itumelengmothibi/.m2/repository/org/hamcrest/hamcrest-core/2.2/hamcrest-core-2.2.jar:/Users/itumelengmothibi/.m2/repository/org/hamcrest/hamcrest/2.2/hamcrest-2.2.jar:/Users/itumelengmothibi/.m2/repository/com/intuit/karate/karate-gatling/1.4.1/karate-gatling-1.4.1.jar:/Users/itumelengmothibi/.m2/repository/io/gatling/highcharts/gatling-charts-highcharts/3.9.5/gatling-charts-highcharts-3.9.5.jar:/Users/itumelengmothibi/.m2/repository/io/gatling/gatling-app/3.9.5/gatling-app-3.9.5.jar:/Users/itumelengmothibi/.m2/repository/io/gatling/gatling-core/3.9.5/gatling-core-3.9.5.jar:/Users/itumelengmothibi/.m2/repository/io/gatling/gatling-netty-util/3.9.5/gatling-netty-util-3.9.5.jar:/Users/itumelengmothibi/.m2/repository/io/gatling/gatling-jdk-util/3.9.5/gatling-jdk-util-3.9.5.jar:/Users/itumelengmothibi/.m2/repository/io/netty/incubator/netty-incubator-transport-native-io_uring/0.0.21.Final/netty-incubator-transport-native-io_uring-0.0.21.Final-linux-x86_64.jar:/Users/itumelengmothibi/.m2/repository/io/netty/incubator/netty-incubator-transport-classes-io_uring/0.0.21.Final/netty-incubator-transport-classes-io_uring-0.0.21.Final.jar:/Users/itumelengmothibi/.m2/repository/io/netty/incubator/netty-incubator-transport-native-io_uring/0.0.21.Final/netty-incubator-transport-native-io_uring-0.0.21.Final-linux-aarch_64.jar:/Users/itumelengmothibi/.m2/repository/io/gatling/gatling-commons/3.9.5/gatling-commons-3.9.5.jar:/Users/itumelengmothibi/.m2/repository/io/gatling/gatling-commons-shared/3.9.5/gatling-commons-shared-3.9.5.jar:/Users/itumelengmothibi/.m2/repository/org/scala-lang/scala-reflect/2.13.10/scala-reflect-2.13.10.jar:/Users/itumelengmothibi/.m2/repository/io/suzaku/boopickle_2.13/1.3.3/boopickle_2.13-1.3.3.jar:/Users/itumelengmothibi/.m2/repository/io/gatling/gatling-commons-shared-unstable/3.9.5/gatling-commons-shared-unstable-3.9.5.jar:/Users/itumelengmothibi/.m2/repository/org/typelevel/spire-macros_2.13/0.17.0/spire-macros_2.13-0.17.0.jar:/Users/itumelengmothibi/.m2/repository/com/typesafe/scala-logging/scala-logging_2.13/3.9.5/scala-logging_2.13-3.9.5.jar:/Users/itumelengmothibi/.m2/repository/io/gatling/gatling-jsonpath/3.9.5/gatling-jsonpath-3.9.5.jar:/Users/itumelengmothibi/.m2/repository/com/typesafe/akka/akka-slf4j_2.13/2.6.20/akka-slf4j_2.13-2.6.20.jar:/Users/itumelengmothibi/.m2/repository/org/simpleflatmapper/lightning-csv/8.2.3/lightning-csv-8.2.3.jar:/Users/itumelengmothibi/.m2/repository/org/simpleflatmapper/sfm-util/8.2.3/sfm-util-8.2.3.jar:/Users/itumelengmothibi/.m2/repository/com/github/ben-manes/caffeine/caffeine/2.9.3/caffeine-2.9.3.jar:/Users/itumelengmothibi/.m2/repository/io/pebbletemplates/pebble/3.2.1/pebble-3.2.1.jar:/Users/itumelengmothibi/.m2/repository/org/scala-lang/modules/scala-parser-combinators_2.13/2.3.0/scala-parser-combinators_2.13-2.3.0.jar:/Users/itumelengmothibi/.m2/repository/com/github/scopt/scopt_2.13/3.7.1/scopt_2.13-3.7.1.jar:/Users/itumelengmothibi/.m2/repository/com/softwaremill/quicklens/quicklens_2.13/1.9.3/quicklens_2.13-1.9.3.jar:/Users/itumelengmothibi/.m2/repository/net/sf/saxon/Saxon-HE/10.6/Saxon-HE-10.6.jar:/Users/itumelengmothibi/.m2/repository/org/jodd/jodd-lagarto/6.0.6/jodd-lagarto-6.0.6.jar:/Users/itumelengmothibi/.m2/repository/org/jodd/jodd-util/6.1.0/jodd-util-6.1.0.jar:/Users/itumelengmothibi/.m2/repository/io/burt/jmespath-jackson/0.5.1/jmespath-jackson-0.5.1.jar:/Users/itumelengmothibi/.m2/repository/io/burt/jmespath-core/0.5.1/jmespath-core-0.5.1.jar:/Users/itumelengmothibi/.m2/repository/io/gatling/gatling-core-java/3.9.5/gatling-core-java-3.9.5.jar:/Users/itumelengmothibi/.m2/repository/net/jodah/typetools/0.6.3/typetools-0.6.3.jar:/Users/itumelengmothibi/.m2/repository/io/gatling/gatling-http/3.9.5/gatling-http-3.9.5.jar:/Users/itumelengmothibi/.m2/repository/io/gatling/gatling-http-client/3.9.5/gatling-http-client-3.9.5.jar:/Users/itumelengmothibi/.m2/repository/io/netty/netty-tcnative-boringssl-static/2.0.61.Final/netty-tcnative-boringssl-static-2.0.61.Final.jar:/Users/itumelengmothibi/.m2/repository/com/aayushatharva/brotli4j/native-linux-x86_64/1.11.0/native-linux-x86_64-1.11.0.jar:/Users/itumelengmothibi/.m2/repository/com/aayushatharva/brotli4j/native-linux-aarch64/1.11.0/native-linux-aarch64-1.11.0.jar:/Users/itumelengmothibi/.m2/repository/com/aayushatharva/brotli4j/native-osx-x86_64/1.11.0/native-osx-x86_64-1.11.0.jar:/Users/itumelengmothibi/.m2/repository/com/aayushatharva/brotli4j/native-windows-x86_64/1.11.0/native-windows-x86_64-1.11.0.jar:/Users/itumelengmothibi/.m2/repository/io/gatling/gatling-http-java/3.9.5/gatling-http-java-3.9.5.jar:/Users/itumelengmothibi/.m2/repository/io/gatling/gatling-jms/3.9.5/gatling-jms-3.9.5.jar:/Users/itumelengmothibi/.m2/repository/javax/jms/javax.jms-api/2.0.1/javax.jms-api-2.0.1.jar:/Users/itumelengmothibi/.m2/repository/com/eatthepath/fast-uuid/0.2.0/fast-uuid-0.2.0.jar:/Users/itumelengmothibi/.m2/repository/io/gatling/gatling-jms-java/3.9.5/gatling-jms-java-3.9.5.jar:/Users/itumelengmothibi/.m2/repository/io/gatling/gatling-mqtt/3.9.5/gatling-mqtt-3.9.5.jar:/Users/itumelengmothibi/.m2/repository/io/netty/netty-codec-mqtt/4.1.92.Final/netty-codec-mqtt-4.1.92.Final.jar:/Users/itumelengmothibi/.m2/repository/io/gatling/gatling-mqtt-java/3.9.5/gatling-mqtt-java-3.9.5.jar:/Users/itumelengmothibi/.m2/repository/io/gatling/gatling-jdbc/3.9.5/gatling-jdbc-3.9.5.jar:/Users/itumelengmothibi/.m2/repository/io/gatling/gatling-jdbc-java/3.9.5/gatling-jdbc-java-3.9.5.jar:/Users/itumelengmothibi/.m2/repository/io/gatling/gatling-redis/3.9.5/gatling-redis-3.9.5.jar:/Users/itumelengmothibi/.m2/repository/net/debasishg/redisclient_2.13/3.42/redisclient_2.13-3.42.jar:/Users/itumelengmothibi/.m2/repository/org/apache/commons/commons-pool2/2.8.0/commons-pool2-2.8.0.jar:/Users/itumelengmothibi/.m2/repository/io/gatling/gatling-redis-java/3.9.5/gatling-redis-java-3.9.5.jar:/Users/itumelengmothibi/.m2/repository/io/gatling/gatling-graphite/3.9.5/gatling-graphite-3.9.5.jar:/Users/itumelengmothibi/.m2/repository/io/gatling/gatling-charts/3.9.5/gatling-charts-3.9.5.jar:/Users/itumelengmothibi/.m2/repository/com/tdunning/t-digest/3.1/t-digest-3.1.jar:/Users/itumelengmothibi/.m2/repository/io/gatling/gatling-recorder/3.9.5/gatling-recorder-3.9.5.jar:/Users/itumelengmothibi/.m2/repository/org/scala-lang/modules/scala-swing_2.13/3.0.0/scala-swing_2.13-3.0.0.jar:/Users/itumelengmothibi/.m2/repository/io/gatling/gatling-recorder-bc-shaded/1.73/gatling-recorder-bc-shaded-1.73.jar:/Users/itumelengmothibi/.m2/repository/com/typesafe/akka/akka-actor_2.13/2.6.20/akka-actor_2.13-2.6.20.jar:/Users/itumelengmothibi/.m2/repository/org/scala-lang/modules/scala-java8-compat_2.13/1.0.0/scala-java8-compat_2.13-1.0.0.jar:/Users/itumelengmothibi/.m2/repository/org/apache/httpcomponents/httpclient/4.5.12/httpclient-4.5.12.jar:/Users/itumelengmothibi/.m2/repository/org/apache/httpcomponents/httpmime/4.5.12/httpmime-4.5.12.jar:/Users/itumelengmothibi/.m2/repository/org/codehaus/plexus/plexus-utils/4.0.0/plexus-utils-4.0.0.jar:/Users/itumelengmothibi/.m2/repository/io/gatling/gatling-enterprise-plugin-commons/1.9.0-M8/gatling-enterprise-plugin-commons-1.9.0-M8.jar:/Users/itumelengmothibi/.m2/repository/io/gatling/gatling-scanner/1.4.0-M3/gatling-scanner-1.4.0-M3.jar:/Users/itumelengmothibi/.m2/repository/io/gatling/gatling-asm-shaded/9.6/gatling-asm-shaded-9.6.jar:/Users/itumelengmothibi/.m2/repository/com/typesafe/config/1.4.3/config-1.4.3.jar:/Users/itumelengmothibi/.m2/repository/org/seleniumhq/selenium/selenium-java/4.17.0/selenium-java-4.17.0.jar:/Users/itumelengmothibi/.m2/repository/org/seleniumhq/selenium/selenium-devtools-v119/4.17.0/selenium-devtools-v119-4.17.0.jar:/Users/itumelengmothibi/.m2/repository/org/seleniumhq/selenium/selenium-devtools-v120/4.17.0/selenium-devtools-v120-4.17.0.jar:/Users/itumelengmothibi/.m2/repository/org/seleniumhq/selenium/selenium-devtools-v121/4.17.0/selenium-devtools-v121-4.17.0.jar:/Users/itumelengmothibi/.m2/repository/org/seleniumhq/selenium/selenium-devtools-v85/4.17.0/selenium-devtools-v85-4.17.0.jar:/Users/itumelengmothibi/.m2/repository/org/seleniumhq/selenium/selenium-api/4.17.0/selenium-api-4.17.0.jar:/Users/itumelengmothibi/.m2/repository/org/seleniumhq/selenium/selenium-chrome-driver/4.17.0/selenium-chrome-driver-4.17.0.jar:/Users/itumelengmothibi/.m2/repository/com/google/auto/service/auto-service-annotations/1.1.1/auto-service-annotations-1.1.1.jar:/Users/itumelengmothibi/.m2/repository/org/seleniumhq/selenium/selenium-chromium-driver/4.17.0/selenium-chromium-driver-4.17.0.jar:/Users/itumelengmothibi/.m2/repository/org/seleniumhq/selenium/selenium-json/4.17.0/selenium-json-4.17.0.jar:/Users/itumelengmothibi/.m2/repository/org/seleniumhq/selenium/selenium-manager/4.17.0/selenium-manager-4.17.0.jar:/Users/itumelengmothibi/.m2/repository/org/seleniumhq/selenium/selenium-edge-driver/4.17.0/selenium-edge-driver-4.17.0.jar:/Users/itumelengmothibi/.m2/repository/org/seleniumhq/selenium/selenium-firefox-driver/4.17.0/selenium-firefox-driver-4.17.0.jar:/Users/itumelengmothibi/.m2/repository/org/seleniumhq/selenium/selenium-http/4.17.0/selenium-http-4.17.0.jar:/Users/itumelengmothibi/.m2/repository/dev/failsafe/failsafe/3.3.2/failsafe-3.3.2.jar:/Users/itumelengmothibi/.m2/repository/org/seleniumhq/selenium/selenium-ie-driver/4.17.0/selenium-ie-driver-4.17.0.jar:/Users/itumelengmothibi/.m2/repository/org/seleniumhq/selenium/selenium-remote-driver/4.17.0/selenium-remote-driver-4.17.0.jar:/Users/itumelengmothibi/.m2/repository/io/opentelemetry/semconv/opentelemetry-semconv/1.23.1-alpha/opentelemetry-semconv-1.23.1-alpha.jar:/Users/itumelengmothibi/.m2/repository/io/opentelemetry/opentelemetry-api/1.34.1/opentelemetry-api-1.34.1.jar:/Users/itumelengmothibi/.m2/repository/io/opentelemetry/opentelemetry-context/1.34.1/opentelemetry-context-1.34.1.jar:/Users/itumelengmothibi/.m2/repository/io/opentelemetry/opentelemetry-exporter-logging/1.34.1/opentelemetry-exporter-logging-1.34.1.jar:/Users/itumelengmothibi/.m2/repository/io/opentelemetry/opentelemetry-sdk-common/1.34.1/opentelemetry-sdk-common-1.34.1.jar:/Users/itumelengmothibi/.m2/repository/io/opentelemetry/opentelemetry-sdk-extension-autoconfigure-spi/1.34.1/opentelemetry-sdk-extension-autoconfigure-spi-1.34.1.jar:/Users/itumelengmothibi/.m2/repository/io/opentelemetry/opentelemetry-sdk-extension-autoconfigure/1.34.1/opentelemetry-sdk-extension-autoconfigure-1.34.1.jar:/Users/itumelengmothibi/.m2/repository/io/opentelemetry/opentelemetry-api-events/1.34.1-alpha/opentelemetry-api-events-1.34.1-alpha.jar:/Users/itumelengmothibi/.m2/repository/io/opentelemetry/opentelemetry-sdk-trace/1.34.1/opentelemetry-sdk-trace-1.34.1.jar:/Users/itumelengmothibi/.m2/repository/io/opentelemetry/opentelemetry-sdk/1.34.1/opentelemetry-sdk-1.34.1.jar:/Users/itumelengmothibi/.m2/repository/io/opentelemetry/opentelemetry-sdk-metrics/1.34.1/opentelemetry-sdk-metrics-1.34.1.jar:/Users/itumelengmothibi/.m2/repository/io/opentelemetry/opentelemetry-extension-incubator/1.34.1-alpha/opentelemetry-extension-incubator-1.34.1-alpha.jar:/Users/itumelengmothibi/.m2/repository/io/opentelemetry/opentelemetry-sdk-logs/1.34.1/opentelemetry-sdk-logs-1.34.1.jar:/Users/itumelengmothibi/.m2/repository/net/bytebuddy/byte-buddy/1.14.11/byte-buddy-1.14.11.jar:/Users/itumelengmothibi/.m2/repository/org/seleniumhq/selenium/selenium-os/4.17.0/selenium-os-4.17.0.jar:/Users/itumelengmothibi/.m2/repository/org/apache/commons/commons-exec/1.3/commons-exec-1.3.jar:/Users/itumelengmothibi/.m2/repository/org/seleniumhq/selenium/selenium-safari-driver/4.17.0/selenium-safari-driver-4.17.0.jar:/Users/itumelengmothibi/.m2/repository/org/seleniumhq/selenium/selenium-support/4.17.0/selenium-support-4.17.0.jar:"/>
    <property name="sun.cpu.endian" value="little"/>
    <property name="user.home" value="/Users/itumelengmothibi"/>
    <property name="user.language" value="en"/>
    <property name="java.specification.vendor" value="Oracle Corporation"/>
    <property name="java.version.date" value="2024-04-16"/>
    <property name="java.home" value="/Library/Java/JavaVirtualMachines/temurin-17.jdk/Contents/Home"/>
    <property name="file.separator" value="/"/>
    <property name="basedir" value="/Users/itumelengmothibi/IdeaProjects/testautomation"/>
    <property name="java.vm.compressedOopsMode" value="Zero based"/>
    <property name="line.separator" value="&#10;"/>
    <property name="java.vm.specification.vendor" value="Oracle Corporation"/>
    <property name="java.specification.name" value="Java Platform API Specification"/>
    <property name="karate.options" value="--tags @MDD-24293"/>
    <property name="surefire.real.class.path" value="/Users/itumelengmothibi/IdeaProjects/testautomation/target/surefire/surefirebooter-20240513235239310_3.jar"/>
    <property name="passWord" value=""/>
    <property name="sun.management.compiler" value="HotSpot 64-Bit Tiered Compilers"/>
    <property name="ftp.nonProxyHosts" value="local|*.local|169.254/16|*.169.254/16"/>
    <property name="java.runtime.version" value="17.0.11+9"/>
    <property name="user.name" value="itumelengmothibi"/>
    <property name="usersAndPasses" value="q:1,q:2,q:3,q:4"/>
    <property name="path.separator" value=":"/>
    <property name="os.version" value="14.4.1"/>
    <property name="java.runtime.name" value="OpenJDK Runtime Environment"/>
    <property name="file.encoding" value="UTF-8"/>
    <property name="testsAPIurl" value="https://adactinhotelapp.com/"/>
    <property name="browser" value="chrome"/>
    <property name="java.vm.name" value="OpenJDK 64-Bit Server VM"/>
    <property name="java.vendor.version" value="Temurin-17.0.11+9"/>
    <property name="localRepository" value="/Users/itumelengmothibi/.m2/repository"/>
    <property name="java.vendor.url.bug" value="https://github.com/adoptium/adoptium-support/issues"/>
    <property name="java.io.tmpdir" value="/var/folders/b7/mbfk92xn46s98zql78g2zyw80000gn/T/"/>
    <property name="idea.version" value="2023.2.6"/>
    <property name="java.version" value="17.0.11"/>
    <property name="user.dir" value="/Users/itumelengmothibi/IdeaProjects/testautomation"/>
    <property name="os.arch" value="aarch64"/>
    <property name="java.vm.specification.name" value="Java Virtual Machine Specification"/>
    <property name="userName" value=""/>
    <property name="native.encoding" value="US-ASCII"/>
    <property name="java.library.path" value="/Users/itumelengmothibi/Library/Java/Extensions:/Library/Java/Extensions:/Network/Library/Java/Extensions:/System/Library/Java/Extensions:/usr/lib/java:."/>
    <property name="java.vm.info" value="mixed mode"/>
    <property name="java.vendor" value="Eclipse Adoptium"/>
    <property name="java.vm.version" value="17.0.11+9"/>
    <property name="selniumBToken" value=""/>
    <property name="sun.io.unicode.encoding" value="UnicodeBig"/>
    <property name="socksNonProxyHosts" value="local|*.local|169.254/16|*.169.254/16"/>
    <property name="java.class.version" value="61.0"/>
  </properties>
  <testcase name="ConsolidateJsonFilesInFolder" classname="automation.ExamplesTest" time="0.089">
    <system-out><![CDATA[No JSON files found in the project folder.
Consolidated JSON array file created successfully: ./target/consolidated-MDD-24293.json
]]></system-out>
  </testcase>
  <testcase name="testParallel" classname="automation.ExamplesTest" time="1.911">
    <failure message="There are test failures. Failing Maven build." type="java.lang.AssertionError"><![CDATA[java.lang.AssertionError: There are test failures. Failing Maven build.
	at automation.ExamplesTest.testParallel(ExamplesTest.java:37)
	at java.base/jdk.internal.reflect.NativeMethodAccessorImpl.invoke0(Native Method)
	at java.base/jdk.internal.reflect.NativeMethodAccessorImpl.invoke(NativeMethodAccessorImpl.java:77)
	at java.base/jdk.internal.reflect.DelegatingMethodAccessorImpl.invoke(DelegatingMethodAccessorImpl.java:43)
	at java.base/java.lang.reflect.Method.invoke(Method.java:568)
	at org.junit.platform.commons.util.ReflectionUtils.invokeMethod(ReflectionUtils.java:727)
	at org.junit.jupiter.engine.execution.MethodInvocation.proceed(MethodInvocation.java:60)
	at org.junit.jupiter.engine.execution.InvocationInterceptorChain$ValidatingInvocation.proceed(InvocationInterceptorChain.java:131)
	at org.junit.jupiter.engine.extension.TimeoutExtension.intercept(TimeoutExtension.java:156)
	at org.junit.jupiter.engine.extension.TimeoutExtension.interceptTestableMethod(TimeoutExtension.java:147)
	at org.junit.jupiter.engine.extension.TimeoutExtension.interceptTestMethod(TimeoutExtension.java:86)
	at org.junit.jupiter.engine.execution.InterceptingExecutableInvoker$ReflectiveInterceptorCall.lambda$ofVoidMethod$0(InterceptingExecutableInvoker.java:103)
	at org.junit.jupiter.engine.execution.InterceptingExecutableInvoker.lambda$invoke$0(InterceptingExecutableInvoker.java:93)
	at org.junit.jupiter.engine.execution.InvocationInterceptorChain$InterceptedInvocation.proceed(InvocationInterceptorChain.java:106)
	at org.junit.jupiter.engine.execution.InvocationInterceptorChain.proceed(InvocationInterceptorChain.java:64)
	at org.junit.jupiter.engine.execution.InvocationInterceptorChain.chainAndInvoke(InvocationInterceptorChain.java:45)
	at org.junit.jupiter.engine.execution.InvocationInterceptorChain.invoke(InvocationInterceptorChain.java:37)
	at org.junit.jupiter.engine.execution.InterceptingExecutableInvoker.invoke(InterceptingExecutableInvoker.java:92)
	at org.junit.jupiter.engine.execution.InterceptingExecutableInvoker.invoke(InterceptingExecutableInvoker.java:86)
	at org.junit.jupiter.engine.descriptor.TestMethodTestDescriptor.lambda$invokeTestMethod$7(TestMethodTestDescriptor.java:217)
	at org.junit.platform.engine.support.hierarchical.ThrowableCollector.execute(ThrowableCollector.java:73)
	at org.junit.jupiter.engine.descriptor.TestMethodTestDescriptor.invokeTestMethod(TestMethodTestDescriptor.java:213)
	at org.junit.jupiter.engine.descriptor.TestMethodTestDescriptor.execute(TestMethodTestDescriptor.java:138)
	at org.junit.jupiter.engine.descriptor.TestMethodTestDescriptor.execute(TestMethodTestDescriptor.java:68)
	at org.junit.platform.engine.support.hierarchical.NodeTestTask.lambda$executeRecursively$6(NodeTestTask.java:151)
	at org.junit.platform.engine.support.hierarchical.ThrowableCollector.execute(ThrowableCollector.java:73)
	at org.junit.platform.engine.support.hierarchical.NodeTestTask.lambda$executeRecursively$8(NodeTestTask.java:141)
	at org.junit.platform.engine.support.hierarchical.Node.around(Node.java:137)
	at org.junit.platform.engine.support.hierarchical.NodeTestTask.lambda$executeRecursively$9(NodeTestTask.java:139)
	at org.junit.platform.engine.support.hierarchical.ThrowableCollector.execute(ThrowableCollector.java:73)
	at org.junit.platform.engine.support.hierarchical.NodeTestTask.executeRecursively(NodeTestTask.java:138)
	at org.junit.platform.engine.support.hierarchical.NodeTestTask.execute(NodeTestTask.java:95)
	at java.base/java.util.ArrayList.forEach(ArrayList.java:1511)
	at org.junit.platform.engine.support.hierarchical.SameThreadHierarchicalTestExecutorService.invokeAll(SameThreadHierarchicalTestExecutorService.java:41)
	at org.junit.platform.engine.support.hierarchical.NodeTestTask.lambda$executeRecursively$6(NodeTestTask.java:155)
	at org.junit.platform.engine.support.hierarchical.ThrowableCollector.execute(ThrowableCollector.java:73)
	at org.junit.platform.engine.support.hierarchical.NodeTestTask.lambda$executeRecursively$8(NodeTestTask.java:141)
	at org.junit.platform.engine.support.hierarchical.Node.around(Node.java:137)
	at org.junit.platform.engine.support.hierarchical.NodeTestTask.lambda$executeRecursively$9(NodeTestTask.java:139)
	at org.junit.platform.engine.support.hierarchical.ThrowableCollector.execute(ThrowableCollector.java:73)
	at org.junit.platform.engine.support.hierarchical.NodeTestTask.executeRecursively(NodeTestTask.java:138)
	at org.junit.platform.engine.support.hierarchical.NodeTestTask.execute(NodeTestTask.java:95)
	at java.base/java.util.ArrayList.forEach(ArrayList.java:1511)
	at org.junit.platform.engine.support.hierarchical.SameThreadHierarchicalTestExecutorService.invokeAll(SameThreadHierarchicalTestExecutorService.java:41)
	at org.junit.platform.engine.support.hierarchical.NodeTestTask.lambda$executeRecursively$6(NodeTestTask.java:155)
	at org.junit.platform.engine.support.hierarchical.ThrowableCollector.execute(ThrowableCollector.java:73)
	at org.junit.platform.engine.support.hierarchical.NodeTestTask.lambda$executeRecursively$8(NodeTestTask.java:141)
	at org.junit.platform.engine.support.hierarchical.Node.around(Node.java:137)
	at org.junit.platform.engine.support.hierarchical.NodeTestTask.lambda$executeRecursively$9(NodeTestTask.java:139)
	at org.junit.platform.engine.support.hierarchical.ThrowableCollector.execute(ThrowableCollector.java:73)
	at org.junit.platform.engine.support.hierarchical.NodeTestTask.executeRecursively(NodeTestTask.java:138)
	at org.junit.platform.engine.support.hierarchical.NodeTestTask.execute(NodeTestTask.java:95)
	at org.junit.platform.engine.support.hierarchical.SameThreadHierarchicalTestExecutorService.submit(SameThreadHierarchicalTestExecutorService.java:35)
	at org.junit.platform.engine.support.hierarchical.HierarchicalTestExecutor.execute(HierarchicalTestExecutor.java:57)
	at org.junit.platform.engine.support.hierarchical.HierarchicalTestEngine.execute(HierarchicalTestEngine.java:54)
	at org.junit.platform.launcher.core.EngineExecutionOrchestrator.execute(EngineExecutionOrchestrator.java:147)
	at org.junit.platform.launcher.core.EngineExecutionOrchestrator.execute(EngineExecutionOrchestrator.java:127)
	at org.junit.platform.launcher.core.EngineExecutionOrchestrator.execute(EngineExecutionOrchestrator.java:90)
	at org.junit.platform.launcher.core.EngineExecutionOrchestrator.lambda$execute$0(EngineExecutionOrchestrator.java:55)
	at org.junit.platform.launcher.core.EngineExecutionOrchestrator.withInterceptedStreams(EngineExecutionOrchestrator.java:102)
	at org.junit.platform.launcher.core.EngineExecutionOrchestrator.execute(EngineExecutionOrchestrator.java:54)
	at org.junit.platform.launcher.core.DefaultLauncher.execute(DefaultLauncher.java:114)
	at org.junit.platform.launcher.core.DefaultLauncher.execute(DefaultLauncher.java:86)
	at org.junit.platform.launcher.core.DefaultLauncherSession$DelegatingLauncher.execute(DefaultLauncherSession.java:86)
	at org.apache.maven.surefire.junitplatform.LazyLauncher.execute(LazyLauncher.java:56)
	at org.apache.maven.surefire.junitplatform.JUnitPlatformProvider.execute(JUnitPlatformProvider.java:184)
	at org.apache.maven.surefire.junitplatform.JUnitPlatformProvider.invokeAllTests(JUnitPlatformProvider.java:148)
	at org.apache.maven.surefire.junitplatform.JUnitPlatformProvider.invoke(JUnitPlatformProvider.java:122)
	at org.apache.maven.surefire.booter.ForkedBooter.runSuitesInProcess(ForkedBooter.java:385)
	at org.apache.maven.surefire.booter.ForkedBooter.execute(ForkedBooter.java:162)
	at org.apache.maven.surefire.booter.ForkedBooter.run(ForkedBooter.java:507)
	at org.apache.maven.surefire.booter.ForkedBooter.main(ForkedBooter.java:495)
]]></failure>
    <system-out><![CDATA[23:52:40.825 [main] ERROR com.intuit.karate - classpath:automation/tests/uiTests/6_Role_based_Testing/AR Motus roles asigned/1_30_Test_AR_Motus_User_PROD_Role_promote.feature:10
* def requestload = read('classpath:subscription.json')
js failed:
>>>>
01: read('classpath:subscription.json')
<<<<
org.graalvm.polyglot.PolyglotException: not found: subscription.json
- com.intuit.karate.resource.ResourceUtils.getResource(ResourceUtils.java:126)
- com.intuit.karate.core.ScenarioFileReader.toResource(ScenarioFileReader.java:129)
- com.intuit.karate.core.ScenarioFileReader.readFileAsStream(ScenarioFileReader.java:99)
- com.intuit.karate.core.ScenarioFileReader.readFileAsString(ScenarioFileReader.java:95)
- com.intuit.karate.core.ScenarioFileReader.readFile(ScenarioFileReader.java:54)
- com.intuit.karate.core.ScenarioEngine.lambda$new$0(ScenarioEngine.java:124)
- <js>.:program(Unnamed:1)

classpath:automation/tests/uiTests/6_Role_based_Testing/AR Motus roles asigned/1_30_Test_AR_Motus_User_PROD_Role_promote.feature:10
---------------------------------------------------------
feature: classpath:automation/tests/uiTests/6_Role_based_Testing/AR Motus roles asigned/1_30_Test_AR_Motus_User_PROD_Role_promote.feature
scenarios:  1 | passed:  0 | failed:  1 | time: 0,0771
---------------------------------------------------------

Karate version: 1.4.1 | env: local
======================================================
elapsed:   1,52 | threads:    1 | thread time: 0,08 
features:     1 | skipped:    4 | efficiency: 0,05
scenarios:    1 | passed:     0 | failed: 1
======================================================
>>> failed features:
js failed:
>>>>
01: read('classpath:subscription.json')
<<<<
org.graalvm.polyglot.PolyglotException: not found: subscription.json
- com.intuit.karate.resource.ResourceUtils.getResource(ResourceUtils.java:126)
- com.intuit.karate.core.ScenarioFileReader.toResource(ScenarioFileReader.java:129)
- com.intuit.karate.core.ScenarioFileReader.readFileAsStream(ScenarioFileReader.java:99)
- com.intuit.karate.core.ScenarioFileReader.readFileAsString(ScenarioFileReader.java:95)
- com.intuit.karate.core.ScenarioFileReader.readFile(ScenarioFileReader.java:54)
- com.intuit.karate.core.ScenarioEngine.lambda$new$0(ScenarioEngine.java:124)
- <js>.:program(Unnamed:1)

classpath:automation/tests/uiTests/6_Role_based_Testing/AR Motus roles asigned/1_30_Test_AR_Motus_User_PROD_Role_promote.feature:10
<<<

HTML report: (paste into browser to view) | Karate version: 1.4.1 | env: local
file:///Users/itumelengmothibi/IdeaProjects/testautomation/target/karate-reports/karate-summary.html
===================================================================

Consolidated JSON array file created successfully: ./target/consolidated-MDD-24293.json
]]></system-out>
  </testcase>
</testsuite>